2026-05-25 17:15:10 | INFO     | pages.population_clock_page    | Opening World Population Clock page.
2026-05-25 17:15:10 | INFO     | pages.population_clock_page    | Opening URL: https://www.theworldcounts.com/challenges/planet-earth/state-of-the-planet/world-population-clock-live
2026-05-25 17:15:13 | INFO     | pages.population_clock_page    | Waiting for population counter...
2026-05-25 17:15:13 | DEBUG    | pages.population_clock_page    | Waiting for PRESENT element: ('xpath', "//div[contains(@class,'counter-ticker')]")
2026-05-25 17:15:13 | DEBUG    | pages.population_clock_page    | Element present: ('xpath', "//div[contains(@class,'counter-ticker')]")
2026-05-25 17:15:13 | INFO     | pages.population_clock_page    | Population counter found.
2026-05-25 17:15:13 | INFO     | pages.population_clock_page    | Page title: World Population Clock Live
2026-05-25 17:15:13 | INFO     | pages.population_clock_page    | Page loaded successfully. Title: 'World Population Clock Live'
2026-05-25 17:15:13 | INFO     | pages.population_clock_page    | Current URL: https://www.theworldcounts.com/challenges/planet-earth/state-of-the-planet/world-population-clock-live
2026-05-25 17:15:13 | INFO     | pages.population_clock_page    | Page title: World Population Clock Live
2026-05-25 17:15:16 | INFO     | pages.population_clock_page    | Opening World Population Clock page.
2026-05-25 17:15:16 | INFO     | pages.population_clock_page    | Opening URL: https://www.theworldcounts.com/challenges/planet-earth/state-of-the-planet/world-population-clock-live
2026-05-25 17:15:19 | INFO     | pages.population_clock_page    | Waiting for population counter...
2026-05-25 17:15:19 | DEBUG    | pages.population_clock_page    | Waiting for PRESENT element: ('xpath', "//div[contains(@class,'counter-ticker')]")
2026-05-25 17:15:19 | DEBUG    | pages.population_clock_page    | Element present: ('xpath', "//div[contains(@class,'counter-ticker')]")
2026-05-25 17:15:19 | INFO     | pages.population_clock_page    | Population counter found.
2026-05-25 17:15:19 | INFO     | pages.population_clock_page    | Page title: World Population Clock Live
2026-05-25 17:15:19 | INFO     | pages.population_clock_page    | Page loaded successfully. Title: 'World Population Clock Live'
2026-05-25 17:15:19 | DEBUG    | pages.population_clock_page    | Waiting for VISIBLE element: ('xpath', "//div[contains(@class,'counter-ticker')]")
2026-05-25 17:15:19 | DEBUG    | pages.population_clock_page    | Element visible: ('xpath', "//div[contains(@class,'counter-ticker')]")
2026-05-25 17:15:19 | DEBUG    | pages.population_clock_page    | Population count: '8,251,522,818'
2026-05-25 17:15:22 | INFO     | pages.population_clock_page    | Opening World Population Clock page.
2026-05-25 17:15:22 | INFO     | pages.population_clock_page    | Opening URL: https://www.theworldcounts.com/challenges/planet-earth/state-of-the-planet/world-population-clock-live
2026-05-25 17:15:25 | INFO     | pages.population_clock_page    | Waiting for population counter...
2026-05-25 17:15:25 | DEBUG    | pages.population_clock_page    | Waiting for PRESENT element: ('xpath', "//div[contains(@class,'counter-ticker')]")
2026-05-25 17:15:25 | DEBUG    | pages.population_clock_page    | Element present: ('xpath', "//div[contains(@class,'counter-ticker')]")
2026-05-25 17:15:25 | INFO     | pages.population_clock_page    | Population counter found.
2026-05-25 17:15:25 | INFO     | pages.population_clock_page    | Page title: World Population Clock Live
2026-05-25 17:15:25 | INFO     | pages.population_clock_page    | Page loaded successfully. Title: 'World Population Clock Live'
2026-05-25 17:15:25 | DEBUG    | pages.population_clock_page    | Waiting for VISIBLE element: ('xpath', "//div[contains(@class,'counter-ticker')]")
2026-05-25 17:15:25 | DEBUG    | pages.population_clock_page    | Element visible: ('xpath', "//div[contains(@class,'counter-ticker')]")
2026-05-25 17:15:25 | DEBUG    | pages.population_clock_page    | Population count: '8,251,522,831'
2026-05-25 17:15:26 | DEBUG    | pages.population_clock_page    | Waiting for VISIBLE element: ('xpath', "//div[contains(@class,'counter-ticker')]")
2026-05-25 17:15:26 | DEBUG    | pages.population_clock_page    | Element visible: ('xpath', "//div[contains(@class,'counter-ticker')]")
2026-05-25 17:15:26 | DEBUG    | pages.population_clock_page    | Population count: '8,251,522,833'
2026-05-25 17:15:27 | DEBUG    | pages.population_clock_page    | Waiting for VISIBLE element: ('xpath', "//div[contains(@class,'counter-ticker')]")
2026-05-25 17:15:27 | DEBUG    | pages.population_clock_page    | Element visible: ('xpath', "//div[contains(@class,'counter-ticker')]")
2026-05-25 17:15:27 | DEBUG    | pages.population_clock_page    | Population count: '8,251,522,836'
2026-05-25 17:15:28 | DEBUG    | pages.population_clock_page    | Waiting for VISIBLE element: ('xpath', "//div[contains(@class,'counter-ticker')]")
2026-05-25 17:15:28 | DEBUG    | pages.population_clock_page    | Element visible: ('xpath', "//div[contains(@class,'counter-ticker')]")
2026-05-25 17:15:28 | DEBUG    | pages.population_clock_page    | Population count: '8,251,522,838'
2026-05-25 17:15:29 | DEBUG    | pages.population_clock_page    | Waiting for VISIBLE element: ('xpath', "//div[contains(@class,'counter-ticker')]")
2026-05-25 17:15:29 | DEBUG    | pages.population_clock_page    | Element visible: ('xpath', "//div[contains(@class,'counter-ticker')]")
2026-05-25 17:15:29 | DEBUG    | pages.population_clock_page    | Population count: '8,251,522,840'
2026-05-25 17:15:30 | DEBUG    | pages.population_clock_page    | Waiting for VISIBLE element: ('xpath', "//div[contains(@class,'counter-ticker')]")
2026-05-25 17:15:30 | DEBUG    | pages.population_clock_page    | Element visible: ('xpath', "//div[contains(@class,'counter-ticker')]")
2026-05-25 17:15:30 | DEBUG    | pages.population_clock_page    | Population count: '8,251,522,843'
2026-05-25 17:15:31 | DEBUG    | pages.population_clock_page    | Waiting for VISIBLE element: ('xpath', "//div[contains(@class,'counter-ticker')]")
2026-05-25 17:15:31 | DEBUG    | pages.population_clock_page    | Element visible: ('xpath', "//div[contains(@class,'counter-ticker')]")
2026-05-25 17:15:31 | DEBUG    | pages.population_clock_page    | Population count: '8,251,522,845'
2026-05-25 17:15:32 | DEBUG    | pages.population_clock_page    | Waiting for VISIBLE element: ('xpath', "//div[contains(@class,'counter-ticker')]")
2026-05-25 17:15:32 | DEBUG    | pages.population_clock_page    | Element visible: ('xpath', "//div[contains(@class,'counter-ticker')]")
2026-05-25 17:15:32 | DEBUG    | pages.population_clock_page    | Population count: '8,251,522,848'
2026-05-25 17:15:33 | DEBUG    | pages.population_clock_page    | Waiting for VISIBLE element: ('xpath', "//div[contains(@class,'counter-ticker')]")
2026-05-25 17:15:33 | DEBUG    | pages.population_clock_page    | Element visible: ('xpath', "//div[contains(@class,'counter-ticker')]")
2026-05-25 17:15:33 | DEBUG    | pages.population_clock_page    | Population count: '8,251,522,850'
2026-05-25 17:15:34 | DEBUG    | pages.population_clock_page    | Waiting for VISIBLE element: ('xpath', "//div[contains(@class,'counter-ticker')]")
2026-05-25 17:15:34 | DEBUG    | pages.population_clock_page    | Element visible: ('xpath', "//div[contains(@class,'counter-ticker')]")
2026-05-25 17:15:34 | DEBUG    | pages.population_clock_page    | Population count: '8,251,522,852'
2026-05-25 17:15:35 | DEBUG    | pages.population_clock_page    | Waiting for VISIBLE element: ('xpath', "//div[contains(@class,'counter-ticker')]")
2026-05-25 17:15:35 | DEBUG    | pages.population_clock_page    | Element visible: ('xpath', "//div[contains(@class,'counter-ticker')]")
2026-05-25 17:15:35 | DEBUG    | pages.population_clock_page    | Population count: '8,251,522,854'
2026-05-25 17:15:36 | DEBUG    | pages.population_clock_page    | Waiting for VISIBLE element: ('xpath', "//div[contains(@class,'counter-ticker')]")
2026-05-25 17:15:36 | DEBUG    | pages.population_clock_page    | Element visible: ('xpath', "//div[contains(@class,'counter-ticker')]")
2026-05-25 17:15:36 | DEBUG    | pages.population_clock_page    | Population count: '8,251,522,857'
2026-05-25 17:15:37 | DEBUG    | pages.population_clock_page    | Waiting for VISIBLE element: ('xpath', "//div[contains(@class,'counter-ticker')]")
2026-05-25 17:15:37 | DEBUG    | pages.population_clock_page    | Element visible: ('xpath', "//div[contains(@class,'counter-ticker')]")
2026-05-25 17:15:37 | DEBUG    | pages.population_clock_page    | Population count: '8,251,522,859'
2026-05-25 17:15:38 | DEBUG    | pages.population_clock_page    | Waiting for VISIBLE element: ('xpath', "//div[contains(@class,'counter-ticker')]")
2026-05-25 17:15:38 | DEBUG    | pages.population_clock_page    | Element visible: ('xpath', "//div[contains(@class,'counter-ticker')]")
2026-05-25 17:15:38 | DEBUG    | pages.population_clock_page    | Population count: '8,251,522,861'
2026-05-25 17:15:39 | DEBUG    | pages.population_clock_page    | Waiting for VISIBLE element: ('xpath', "//div[contains(@class,'counter-ticker')]")
2026-05-25 17:15:39 | DEBUG    | pages.population_clock_page    | Element visible: ('xpath', "//div[contains(@class,'counter-ticker')]")
2026-05-25 17:15:39 | DEBUG    | pages.population_clock_page    | Population count: '8,251,522,864'
2026-05-25 17:15:40 | DEBUG    | pages.population_clock_page    | Waiting for VISIBLE element: ('xpath', "//div[contains(@class,'counter-ticker')]")
2026-05-25 17:15:40 | DEBUG    | pages.population_clock_page    | Element visible: ('xpath', "//div[contains(@class,'counter-ticker')]")
2026-05-25 17:15:40 | DEBUG    | pages.population_clock_page    | Population count: '8,251,522,866'
2026-05-25 17:15:41 | DEBUG    | pages.population_clock_page    | Waiting for VISIBLE element: ('xpath', "//div[contains(@class,'counter-ticker')]")
2026-05-25 17:15:41 | DEBUG    | pages.population_clock_page    | Element visible: ('xpath', "//div[contains(@class,'counter-ticker')]")
2026-05-25 17:15:41 | DEBUG    | pages.population_clock_page    | Population count: '8,251,522,868'
2026-05-25 17:15:42 | DEBUG    | pages.population_clock_page    | Waiting for VISIBLE element: ('xpath', "//div[contains(@class,'counter-ticker')]")
2026-05-25 17:15:42 | DEBUG    | pages.population_clock_page    | Element visible: ('xpath', "//div[contains(@class,'counter-ticker')]")
2026-05-25 17:15:42 | DEBUG    | pages.population_clock_page    | Population count: '8,251,522,871'
2026-05-25 17:15:43 | DEBUG    | pages.population_clock_page    | Waiting for VISIBLE element: ('xpath', "//div[contains(@class,'counter-ticker')]")
2026-05-25 17:15:43 | DEBUG    | pages.population_clock_page    | Element visible: ('xpath', "//div[contains(@class,'counter-ticker')]")
2026-05-25 17:15:43 | DEBUG    | pages.population_clock_page    | Population count: '8,251,522,873'
2026-05-25 17:15:44 | DEBUG    | pages.population_clock_page    | Waiting for VISIBLE element: ('xpath', "//div[contains(@class,'counter-ticker')]")
2026-05-25 17:15:44 | DEBUG    | pages.population_clock_page    | Element visible: ('xpath', "//div[contains(@class,'counter-ticker')]")
2026-05-25 17:15:44 | DEBUG    | pages.population_clock_page    | Population count: '8,251,522,875'
2026-05-25 17:15:45 | DEBUG    | pages.population_clock_page    | Waiting for VISIBLE element: ('xpath', "//div[contains(@class,'counter-ticker')]")
2026-05-25 17:15:45 | DEBUG    | pages.population_clock_page    | Element visible: ('xpath', "//div[contains(@class,'counter-ticker')]")
2026-05-25 17:15:45 | DEBUG    | pages.population_clock_page    | Population count: '8,251,522,878'
2026-05-25 17:15:46 | DEBUG    | pages.population_clock_page    | Waiting for VISIBLE element: ('xpath', "//div[contains(@class,'counter-ticker')]")
2026-05-25 17:15:46 | DEBUG    | pages.population_clock_page    | Element visible: ('xpath', "//div[contains(@class,'counter-ticker')]")
2026-05-25 17:15:46 | DEBUG    | pages.population_clock_page    | Population count: '8,251,522,880'
2026-05-25 17:15:47 | DEBUG    | pages.population_clock_page    | Waiting for VISIBLE element: ('xpath', "//div[contains(@class,'counter-ticker')]")
2026-05-25 17:15:47 | DEBUG    | pages.population_clock_page    | Element visible: ('xpath', "//div[contains(@class,'counter-ticker')]")
2026-05-25 17:15:47 | DEBUG    | pages.population_clock_page    | Population count: '8,251,522,882'
2026-05-25 17:15:48 | DEBUG    | pages.population_clock_page    | Waiting for VISIBLE element: ('xpath', "//div[contains(@class,'counter-ticker')]")
2026-05-25 17:15:48 | DEBUG    | pages.population_clock_page    | Element visible: ('xpath', "//div[contains(@class,'counter-ticker')]")
2026-05-25 17:15:49 | DEBUG    | pages.population_clock_page    | Population count: '8,251,522,885'
2026-05-25 17:15:50 | DEBUG    | pages.population_clock_page    | Waiting for VISIBLE element: ('xpath', "//div[contains(@class,'counter-ticker')]")
2026-05-25 17:15:50 | DEBUG    | pages.population_clock_page    | Element visible: ('xpath', "//div[contains(@class,'counter-ticker')]")
2026-05-25 17:15:50 | DEBUG    | pages.population_clock_page    | Population count: '8,251,522,887'
