2026-05-25 17:12:47 | INFO     | pages.population_clock_page    | Opening World Population Clock page.
2026-05-25 17:12:47 | INFO     | pages.population_clock_page    | Opening URL: https://www.theworldcounts.com/challenges/planet-earth/state-of-the-planet/world-population-clock-live
2026-05-25 17:12:50 | INFO     | pages.population_clock_page    | Waiting for population counter...
2026-05-25 17:12:50 | DEBUG    | pages.population_clock_page    | Waiting for PRESENT element: ('xpath', "//div[contains(@class,'counter-ticker')]")
2026-05-25 17:12:50 | DEBUG    | pages.population_clock_page    | Element present: ('xpath', "//div[contains(@class,'counter-ticker')]")
2026-05-25 17:12:50 | INFO     | pages.population_clock_page    | Population counter found.
2026-05-25 17:12:50 | INFO     | pages.population_clock_page    | Page title: World Population Clock Live
2026-05-25 17:12:50 | INFO     | pages.population_clock_page    | Page loaded successfully. Title: 'World Population Clock Live'
2026-05-25 17:12:50 | INFO     | pages.population_clock_page    | Current URL: https://www.theworldcounts.com/challenges/planet-earth/state-of-the-planet/world-population-clock-live
2026-05-25 17:12:50 | INFO     | pages.population_clock_page    | Page title: World Population Clock Live
2026-05-25 17:12:54 | INFO     | pages.population_clock_page    | Opening World Population Clock page.
2026-05-25 17:12:54 | INFO     | pages.population_clock_page    | Opening URL: https://www.theworldcounts.com/challenges/planet-earth/state-of-the-planet/world-population-clock-live
2026-05-25 17:13:00 | INFO     | pages.population_clock_page    | Waiting for population counter...
2026-05-25 17:13:00 | DEBUG    | pages.population_clock_page    | Waiting for PRESENT element: ('xpath', "//div[contains(@class,'counter-ticker')]")
2026-05-25 17:13:00 | DEBUG    | pages.population_clock_page    | Element present: ('xpath', "//div[contains(@class,'counter-ticker')]")
2026-05-25 17:13:00 | INFO     | pages.population_clock_page    | Population counter found.
2026-05-25 17:13:00 | INFO     | pages.population_clock_page    | Page title: World Population Clock Live
2026-05-25 17:13:00 | INFO     | pages.population_clock_page    | Page loaded successfully. Title: 'World Population Clock Live'
2026-05-25 17:13:00 | DEBUG    | pages.population_clock_page    | Waiting for VISIBLE element: ('xpath', "//div[contains(@class,'counter-ticker')]")
2026-05-25 17:13:00 | DEBUG    | pages.population_clock_page    | Element visible: ('xpath', "//div[contains(@class,'counter-ticker')]")
2026-05-25 17:13:00 | DEBUG    | pages.population_clock_page    | Population count: '8,251,522,504'
2026-05-25 17:13:03 | INFO     | pages.population_clock_page    | Opening World Population Clock page.
2026-05-25 17:13:03 | INFO     | pages.population_clock_page    | Opening URL: https://www.theworldcounts.com/challenges/planet-earth/state-of-the-planet/world-population-clock-live
2026-05-25 17:13:06 | INFO     | pages.population_clock_page    | Waiting for population counter...
2026-05-25 17:13:06 | DEBUG    | pages.population_clock_page    | Waiting for PRESENT element: ('xpath', "//div[contains(@class,'counter-ticker')]")
2026-05-25 17:13:06 | DEBUG    | pages.population_clock_page    | Element present: ('xpath', "//div[contains(@class,'counter-ticker')]")
2026-05-25 17:13:06 | INFO     | pages.population_clock_page    | Population counter found.
2026-05-25 17:13:06 | INFO     | pages.population_clock_page    | Page title: World Population Clock Live
2026-05-25 17:13:06 | INFO     | pages.population_clock_page    | Page loaded successfully. Title: 'World Population Clock Live'
2026-05-25 17:13:06 | DEBUG    | pages.population_clock_page    | Waiting for VISIBLE element: ('xpath', "//div[contains(@class,'counter-ticker')]")
2026-05-25 17:13:06 | DEBUG    | pages.population_clock_page    | Element visible: ('xpath', "//div[contains(@class,'counter-ticker')]")
2026-05-25 17:13:06 | DEBUG    | pages.population_clock_page    | Population count: '8,251,522,517'
2026-05-25 17:13:07 | DEBUG    | pages.population_clock_page    | Waiting for VISIBLE element: ('xpath', "//div[contains(@class,'counter-ticker')]")
2026-05-25 17:13:07 | DEBUG    | pages.population_clock_page    | Element visible: ('xpath', "//div[contains(@class,'counter-ticker')]")
2026-05-25 17:13:07 | DEBUG    | pages.population_clock_page    | Population count: '8,251,522,520'
2026-05-25 17:13:08 | DEBUG    | pages.population_clock_page    | Waiting for VISIBLE element: ('xpath', "//div[contains(@class,'counter-ticker')]")
2026-05-25 17:13:08 | DEBUG    | pages.population_clock_page    | Element visible: ('xpath', "//div[contains(@class,'counter-ticker')]")
2026-05-25 17:13:08 | DEBUG    | pages.population_clock_page    | Population count: '8,251,522,522'
2026-05-25 17:13:09 | DEBUG    | pages.population_clock_page    | Waiting for VISIBLE element: ('xpath', "//div[contains(@class,'counter-ticker')]")
2026-05-25 17:13:09 | DEBUG    | pages.population_clock_page    | Element visible: ('xpath', "//div[contains(@class,'counter-ticker')]")
2026-05-25 17:13:09 | DEBUG    | pages.population_clock_page    | Population count: '8,251,522,524'
2026-05-25 17:13:10 | DEBUG    | pages.population_clock_page    | Waiting for VISIBLE element: ('xpath', "//div[contains(@class,'counter-ticker')]")
2026-05-25 17:13:10 | DEBUG    | pages.population_clock_page    | Element visible: ('xpath', "//div[contains(@class,'counter-ticker')]")
2026-05-25 17:13:10 | DEBUG    | pages.population_clock_page    | Population count: '8,251,522,526'
2026-05-25 17:13:11 | DEBUG    | pages.population_clock_page    | Waiting for VISIBLE element: ('xpath', "//div[contains(@class,'counter-ticker')]")
2026-05-25 17:13:11 | DEBUG    | pages.population_clock_page    | Element visible: ('xpath', "//div[contains(@class,'counter-ticker')]")
2026-05-25 17:13:11 | DEBUG    | pages.population_clock_page    | Population count: '8,251,522,529'
2026-05-25 17:13:12 | DEBUG    | pages.population_clock_page    | Waiting for VISIBLE element: ('xpath', "//div[contains(@class,'counter-ticker')]")
2026-05-25 17:13:12 | DEBUG    | pages.population_clock_page    | Element visible: ('xpath', "//div[contains(@class,'counter-ticker')]")
2026-05-25 17:13:12 | DEBUG    | pages.population_clock_page    | Population count: '8,251,522,531'
2026-05-25 17:13:13 | DEBUG    | pages.population_clock_page    | Waiting for VISIBLE element: ('xpath', "//div[contains(@class,'counter-ticker')]")
2026-05-25 17:13:13 | DEBUG    | pages.population_clock_page    | Element visible: ('xpath', "//div[contains(@class,'counter-ticker')]")
2026-05-25 17:13:13 | DEBUG    | pages.population_clock_page    | Population count: '8,251,522,534'
2026-05-25 17:13:14 | DEBUG    | pages.population_clock_page    | Waiting for VISIBLE element: ('xpath', "//div[contains(@class,'counter-ticker')]")
2026-05-25 17:13:14 | DEBUG    | pages.population_clock_page    | Element visible: ('xpath', "//div[contains(@class,'counter-ticker')]")
2026-05-25 17:13:14 | DEBUG    | pages.population_clock_page    | Population count: '8,251,522,536'
2026-05-25 17:13:15 | DEBUG    | pages.population_clock_page    | Waiting for VISIBLE element: ('xpath', "//div[contains(@class,'counter-ticker')]")
2026-05-25 17:13:15 | DEBUG    | pages.population_clock_page    | Element visible: ('xpath', "//div[contains(@class,'counter-ticker')]")
2026-05-25 17:13:15 | DEBUG    | pages.population_clock_page    | Population count: '8,251,522,538'
2026-05-25 17:13:16 | DEBUG    | pages.population_clock_page    | Waiting for VISIBLE element: ('xpath', "//div[contains(@class,'counter-ticker')]")
2026-05-25 17:13:16 | DEBUG    | pages.population_clock_page    | Element visible: ('xpath', "//div[contains(@class,'counter-ticker')]")
2026-05-25 17:13:16 | DEBUG    | pages.population_clock_page    | Population count: '8,251,522,541'
2026-05-25 17:13:17 | DEBUG    | pages.population_clock_page    | Waiting for VISIBLE element: ('xpath', "//div[contains(@class,'counter-ticker')]")
2026-05-25 17:13:17 | DEBUG    | pages.population_clock_page    | Element visible: ('xpath', "//div[contains(@class,'counter-ticker')]")
2026-05-25 17:13:17 | DEBUG    | pages.population_clock_page    | Population count: '8,251,522,543'
2026-05-25 17:13:18 | DEBUG    | pages.population_clock_page    | Waiting for VISIBLE element: ('xpath', "//div[contains(@class,'counter-ticker')]")
2026-05-25 17:13:18 | DEBUG    | pages.population_clock_page    | Element visible: ('xpath', "//div[contains(@class,'counter-ticker')]")
2026-05-25 17:13:18 | DEBUG    | pages.population_clock_page    | Population count: '8,251,522,545'
2026-05-25 17:13:19 | DEBUG    | pages.population_clock_page    | Waiting for VISIBLE element: ('xpath', "//div[contains(@class,'counter-ticker')]")
2026-05-25 17:13:19 | DEBUG    | pages.population_clock_page    | Element visible: ('xpath', "//div[contains(@class,'counter-ticker')]")
2026-05-25 17:13:19 | DEBUG    | pages.population_clock_page    | Population count: '8,251,522,547'
2026-05-25 17:13:20 | DEBUG    | pages.population_clock_page    | Waiting for VISIBLE element: ('xpath', "//div[contains(@class,'counter-ticker')]")
2026-05-25 17:13:20 | DEBUG    | pages.population_clock_page    | Element visible: ('xpath', "//div[contains(@class,'counter-ticker')]")
2026-05-25 17:13:20 | DEBUG    | pages.population_clock_page    | Population count: '8,251,522,550'
2026-05-25 17:13:21 | DEBUG    | pages.population_clock_page    | Waiting for VISIBLE element: ('xpath', "//div[contains(@class,'counter-ticker')]")
2026-05-25 17:13:21 | DEBUG    | pages.population_clock_page    | Element visible: ('xpath', "//div[contains(@class,'counter-ticker')]")
2026-05-25 17:13:21 | DEBUG    | pages.population_clock_page    | Population count: '8,251,522,552'
2026-05-25 17:13:22 | DEBUG    | pages.population_clock_page    | Waiting for VISIBLE element: ('xpath', "//div[contains(@class,'counter-ticker')]")
2026-05-25 17:13:22 | DEBUG    | pages.population_clock_page    | Element visible: ('xpath', "//div[contains(@class,'counter-ticker')]")
2026-05-25 17:13:22 | DEBUG    | pages.population_clock_page    | Population count: '8,251,522,554'
2026-05-25 17:13:23 | DEBUG    | pages.population_clock_page    | Waiting for VISIBLE element: ('xpath', "//div[contains(@class,'counter-ticker')]")
2026-05-25 17:13:23 | DEBUG    | pages.population_clock_page    | Element visible: ('xpath', "//div[contains(@class,'counter-ticker')]")
2026-05-25 17:13:23 | DEBUG    | pages.population_clock_page    | Population count: '8,251,522,557'
2026-05-25 17:13:24 | DEBUG    | pages.population_clock_page    | Waiting for VISIBLE element: ('xpath', "//div[contains(@class,'counter-ticker')]")
2026-05-25 17:13:24 | DEBUG    | pages.population_clock_page    | Element visible: ('xpath', "//div[contains(@class,'counter-ticker')]")
2026-05-25 17:13:24 | DEBUG    | pages.population_clock_page    | Population count: '8,251,522,559'
2026-05-25 17:13:25 | DEBUG    | pages.population_clock_page    | Waiting for VISIBLE element: ('xpath', "//div[contains(@class,'counter-ticker')]")
2026-05-25 17:13:25 | DEBUG    | pages.population_clock_page    | Element visible: ('xpath', "//div[contains(@class,'counter-ticker')]")
2026-05-25 17:13:25 | DEBUG    | pages.population_clock_page    | Population count: '8,251,522,561'
2026-05-25 17:13:26 | DEBUG    | pages.population_clock_page    | Waiting for VISIBLE element: ('xpath', "//div[contains(@class,'counter-ticker')]")
2026-05-25 17:13:27 | DEBUG    | pages.population_clock_page    | Element visible: ('xpath', "//div[contains(@class,'counter-ticker')]")
2026-05-25 17:13:27 | DEBUG    | pages.population_clock_page    | Population count: '8,251,522,564'
2026-05-25 17:13:28 | DEBUG    | pages.population_clock_page    | Waiting for VISIBLE element: ('xpath', "//div[contains(@class,'counter-ticker')]")
2026-05-25 17:13:28 | DEBUG    | pages.population_clock_page    | Element visible: ('xpath', "//div[contains(@class,'counter-ticker')]")
2026-05-25 17:13:28 | DEBUG    | pages.population_clock_page    | Population count: '8,251,522,566'
2026-05-25 17:13:29 | DEBUG    | pages.population_clock_page    | Waiting for VISIBLE element: ('xpath', "//div[contains(@class,'counter-ticker')]")
2026-05-25 17:13:29 | DEBUG    | pages.population_clock_page    | Element visible: ('xpath', "//div[contains(@class,'counter-ticker')]")
2026-05-25 17:13:29 | DEBUG    | pages.population_clock_page    | Population count: '8,251,522,568'
2026-05-25 17:13:30 | DEBUG    | pages.population_clock_page    | Waiting for VISIBLE element: ('xpath', "//div[contains(@class,'counter-ticker')]")
2026-05-25 17:13:30 | DEBUG    | pages.population_clock_page    | Element visible: ('xpath', "//div[contains(@class,'counter-ticker')]")
2026-05-25 17:13:30 | DEBUG    | pages.population_clock_page    | Population count: '8,251,522,571'
2026-05-25 17:13:31 | DEBUG    | pages.population_clock_page    | Waiting for VISIBLE element: ('xpath', "//div[contains(@class,'counter-ticker')]")
2026-05-25 17:13:31 | DEBUG    | pages.population_clock_page    | Element visible: ('xpath', "//div[contains(@class,'counter-ticker')]")
2026-05-25 17:13:31 | DEBUG    | pages.population_clock_page    | Population count: '8,251,522,573'
2026-05-25 17:13:32 | DEBUG    | pages.population_clock_page    | Waiting for VISIBLE element: ('xpath', "//div[contains(@class,'counter-ticker')]")
2026-05-25 17:13:32 | DEBUG    | pages.population_clock_page    | Element visible: ('xpath', "//div[contains(@class,'counter-ticker')]")
2026-05-25 17:13:32 | DEBUG    | pages.population_clock_page    | Population count: '8,251,522,576'
2026-05-25 17:13:33 | DEBUG    | pages.population_clock_page    | Waiting for VISIBLE element: ('xpath', "//div[contains(@class,'counter-ticker')]")
2026-05-25 17:13:33 | DEBUG    | pages.population_clock_page    | Element visible: ('xpath', "//div[contains(@class,'counter-ticker')]")
2026-05-25 17:13:33 | DEBUG    | pages.population_clock_page    | Population count: '8,251,522,578'
2026-05-25 17:13:34 | DEBUG    | pages.population_clock_page    | Waiting for VISIBLE element: ('xpath', "//div[contains(@class,'counter-ticker')]")
2026-05-25 17:13:34 | DEBUG    | pages.population_clock_page    | Element visible: ('xpath', "//div[contains(@class,'counter-ticker')]")
2026-05-25 17:13:34 | DEBUG    | pages.population_clock_page    | Population count: '8,251,522,580'
2026-05-25 17:13:35 | DEBUG    | pages.population_clock_page    | Waiting for VISIBLE element: ('xpath', "//div[contains(@class,'counter-ticker')]")
2026-05-25 17:13:35 | DEBUG    | pages.population_clock_page    | Element visible: ('xpath', "//div[contains(@class,'counter-ticker')]")
2026-05-25 17:13:35 | DEBUG    | pages.population_clock_page    | Population count: '8,251,522,583'
2026-05-25 17:13:36 | DEBUG    | pages.population_clock_page    | Waiting for VISIBLE element: ('xpath', "//div[contains(@class,'counter-ticker')]")
2026-05-25 17:13:36 | DEBUG    | pages.population_clock_page    | Element visible: ('xpath', "//div[contains(@class,'counter-ticker')]")
2026-05-25 17:13:36 | DEBUG    | pages.population_clock_page    | Population count: '8,251,522,585'
2026-05-25 17:13:37 | DEBUG    | pages.population_clock_page    | Waiting for VISIBLE element: ('xpath', "//div[contains(@class,'counter-ticker')]")
2026-05-25 17:13:37 | DEBUG    | pages.population_clock_page    | Element visible: ('xpath', "//div[contains(@class,'counter-ticker')]")
2026-05-25 17:13:37 | DEBUG    | pages.population_clock_page    | Population count: '8,251,522,587'
2026-05-25 17:13:38 | DEBUG    | pages.population_clock_page    | Waiting for VISIBLE element: ('xpath', "//div[contains(@class,'counter-ticker')]")
2026-05-25 17:13:38 | DEBUG    | pages.population_clock_page    | Element visible: ('xpath', "//div[contains(@class,'counter-ticker')]")
2026-05-25 17:13:38 | DEBUG    | pages.population_clock_page    | Population count: '8,251,522,590'
2026-05-25 17:13:39 | DEBUG    | pages.population_clock_page    | Waiting for VISIBLE element: ('xpath', "//div[contains(@class,'counter-ticker')]")
2026-05-25 17:13:39 | DEBUG    | pages.population_clock_page    | Element visible: ('xpath', "//div[contains(@class,'counter-ticker')]")
2026-05-25 17:13:39 | DEBUG    | pages.population_clock_page    | Population count: '8,251,522,592'
2026-05-25 17:13:40 | DEBUG    | pages.population_clock_page    | Waiting for VISIBLE element: ('xpath', "//div[contains(@class,'counter-ticker')]")
2026-05-25 17:13:40 | DEBUG    | pages.population_clock_page    | Element visible: ('xpath', "//div[contains(@class,'counter-ticker')]")
2026-05-25 17:13:40 | DEBUG    | pages.population_clock_page    | Population count: '8,251,522,594'
